{"/Users/aotn/gft-capacitacion/src/pagination.js":{"path":"/Users/aotn/gft-capacitacion/src/pagination.js","s":{"1":1,"2":1,"3":1,"4":1,"5":1,"6":1,"7":3,"8":1,"9":20,"10":1,"11":2,"12":1,"13":2,"14":1,"15":1,"16":1,"17":1,"18":1,"19":8,"20":8,"21":1,"22":12,"23":12,"24":1,"25":6,"26":6,"27":6,"28":1,"29":6,"30":6,"31":1,"32":3,"33":3,"34":1,"35":3,"36":3,"37":3,"38":1,"39":3,"40":3,"41":3,"42":3,"43":1,"44":3,"45":3,"46":3,"47":1,"48":3,"49":3,"50":14,"51":1,"52":3,"53":3,"54":3,"55":1,"56":3,"57":3,"58":3,"59":1,"60":3,"61":3,"62":3,"63":1,"64":3,"65":3,"66":3,"67":1,"68":3,"69":3,"70":3,"71":3,"72":3,"73":3,"74":3,"75":3,"76":3,"77":3,"78":1},"b":{"1":[0,1],"2":[1,1],"3":[1,2],"4":[1,2],"5":[1,2],"6":[2,1],"7":[1,2],"8":[0,3],"9":[3,3],"10":[0,3],"11":[3,3],"12":[0,3],"13":[3,3],"14":[0,3],"15":[3,3]},"f":{"1":1,"2":3,"3":20,"4":2,"5":2,"6":1,"7":1,"8":8,"9":8,"10":12,"11":12,"12":6,"13":6,"14":6,"15":6,"16":6,"17":3,"18":3,"19":3,"20":3,"21":3,"22":3,"23":3,"24":3,"25":3,"26":3,"27":3,"28":3,"29":3,"30":3,"31":14,"32":3,"33":3,"34":3,"35":3,"36":3,"37":3,"38":3,"39":3,"40":3,"41":3,"42":3,"43":3,"44":3,"45":3,"46":3,"47":3},"fnMap":{"1":{"name":"_interopRequireDefault","line":8,"loc":{"start":{"line":8,"column":0},"end":{"line":8,"column":37}},"skip":true},"2":{"name":"not","line":14,"loc":{"start":{"line":14,"column":10},"end":{"line":14,"column":30}}},"3":{"name":"buildPageObject","line":17,"loc":{"start":{"line":17,"column":22},"end":{"line":17,"column":53}}},"4":{"name":"first","line":20,"loc":{"start":{"line":20,"column":12},"end":{"line":20,"column":29}}},"5":{"name":"previous","line":23,"loc":{"start":{"line":23,"column":15},"end":{"line":23,"column":39}}},"6":{"name":"last","line":26,"loc":{"start":{"line":26,"column":11},"end":{"line":26,"column":32}}},"7":{"name":"next","line":29,"loc":{"start":{"line":29,"column":11},"end":{"line":29,"column":31}}},"8":{"name":"getSize","line":32,"loc":{"start":{"line":32,"column":14},"end":{"line":32,"column":38}}},"9":{"name":"(anonymous_9)","line":33,"loc":{"start":{"line":33,"column":9},"end":{"line":33,"column":26}}},"10":{"name":"isLessThan","line":37,"loc":{"start":{"line":37,"column":17},"end":{"line":37,"column":42}}},"11":{"name":"(anonymous_11)","line":38,"loc":{"start":{"line":38,"column":9},"end":{"line":38,"column":26}}},"12":{"name":"isAtEndPostion","line":42,"loc":{"start":{"line":42,"column":21},"end":{"line":42,"column":52}}},"13":{"name":"(anonymous_13)","line":43,"loc":{"start":{"line":43,"column":9},"end":{"line":43,"column":25}}},"14":{"name":"(anonymous_14)","line":44,"loc":{"start":{"line":44,"column":11},"end":{"line":44,"column":27}}},"15":{"name":"getBegin","line":49,"loc":{"start":{"line":49,"column":15},"end":{"line":49,"column":39}}},"16":{"name":"(anonymous_16)","line":50,"loc":{"start":{"line":50,"column":9},"end":{"line":50,"column":26}}},"17":{"name":"getMaxPages","line":54,"loc":{"start":{"line":54,"column":18},"end":{"line":54,"column":45}}},"18":{"name":"(anonymous_18)","line":55,"loc":{"start":{"line":55,"column":9},"end":{"line":55,"column":26}}},"19":{"name":"getCountPagination","line":59,"loc":{"start":{"line":59,"column":25},"end":{"line":59,"column":60}}},"20":{"name":"(anonymous_20)","line":60,"loc":{"start":{"line":60,"column":9},"end":{"line":60,"column":25}}},"21":{"name":"(anonymous_21)","line":61,"loc":{"start":{"line":61,"column":11},"end":{"line":61,"column":28}}},"22":{"name":"getCountPages","line":66,"loc":{"start":{"line":66,"column":20},"end":{"line":66,"column":50}}},"23":{"name":"(anonymous_23)","line":67,"loc":{"start":{"line":67,"column":9},"end":{"line":67,"column":25}}},"24":{"name":"(anonymous_24)","line":68,"loc":{"start":{"line":68,"column":11},"end":{"line":68,"column":28}}},"25":{"name":"(anonymous_25)","line":69,"loc":{"start":{"line":69,"column":13},"end":{"line":69,"column":30}}},"26":{"name":"getStart","line":75,"loc":{"start":{"line":75,"column":15},"end":{"line":75,"column":39}}},"27":{"name":"(anonymous_27)","line":76,"loc":{"start":{"line":76,"column":9},"end":{"line":76,"column":25}}},"28":{"name":"(anonymous_28)","line":77,"loc":{"start":{"line":77,"column":11},"end":{"line":77,"column":28}}},"29":{"name":"getPages","line":82,"loc":{"start":{"line":82,"column":15},"end":{"line":82,"column":39}}},"30":{"name":"(anonymous_30)","line":83,"loc":{"start":{"line":83,"column":9},"end":{"line":83,"column":26}}},"31":{"name":"(anonymous_31)","line":84,"loc":{"start":{"line":84,"column":40},"end":{"line":84,"column":56}}},"32":{"name":"gotPaginationLeft","line":90,"loc":{"start":{"line":90,"column":24},"end":{"line":90,"column":58}}},"33":{"name":"(anonymous_33)","line":91,"loc":{"start":{"line":91,"column":9},"end":{"line":91,"column":25}}},"34":{"name":"(anonymous_34)","line":92,"loc":{"start":{"line":92,"column":11},"end":{"line":92,"column":27}}},"35":{"name":"gotPaginationRight","line":98,"loc":{"start":{"line":98,"column":25},"end":{"line":98,"column":60}}},"36":{"name":"(anonymous_36)","line":99,"loc":{"start":{"line":99,"column":9},"end":{"line":99,"column":25}}},"37":{"name":"(anonymous_37)","line":100,"loc":{"start":{"line":100,"column":11},"end":{"line":100,"column":27}}},"38":{"name":"getPaginationLeft","line":106,"loc":{"start":{"line":106,"column":24},"end":{"line":106,"column":58}}},"39":{"name":"(anonymous_39)","line":107,"loc":{"start":{"line":107,"column":9},"end":{"line":107,"column":25}}},"40":{"name":"(anonymous_40)","line":108,"loc":{"start":{"line":108,"column":11},"end":{"line":108,"column":27}}},"41":{"name":"getPaginationRight","line":114,"loc":{"start":{"line":114,"column":25},"end":{"line":114,"column":60}}},"42":{"name":"(anonymous_42)","line":115,"loc":{"start":{"line":115,"column":9},"end":{"line":115,"column":25}}},"43":{"name":"(anonymous_43)","line":116,"loc":{"start":{"line":116,"column":11},"end":{"line":116,"column":27}}},"44":{"name":"getPagination","line":122,"loc":{"start":{"line":122,"column":20},"end":{"line":122,"column":45}}},"45":{"name":"(anonymous_45)","line":124,"loc":{"start":{"line":124,"column":9},"end":{"line":124,"column":21}}},"46":{"name":"(anonymous_46)","line":126,"loc":{"start":{"line":126,"column":11},"end":{"line":126,"column":23}}},"47":{"name":"(anonymous_47)","line":128,"loc":{"start":{"line":128,"column":13},"end":{"line":128,"column":25}}}},"statementMap":{"1":{"start":{"line":3,"column":0},"end":{"line":5,"column":3}},"2":{"start":{"line":8,"column":0},"end":{"line":8,"column":97},"skip":true},"3":{"start":{"line":8,"column":39},"end":{"line":8,"column":95},"skip":true},"4":{"start":{"line":10,"column":0},"end":{"line":10,"column":52}},"5":{"start":{"line":12,"column":0},"end":{"line":12,"column":65}},"6":{"start":{"line":14,"column":0},"end":{"line":16,"column":2}},"7":{"start":{"line":15,"column":2},"end":{"line":15,"column":16}},"8":{"start":{"line":17,"column":0},"end":{"line":19,"column":2}},"9":{"start":{"line":18,"column":2},"end":{"line":18,"column":47}},"10":{"start":{"line":20,"column":0},"end":{"line":22,"column":2}},"11":{"start":{"line":21,"column":2},"end":{"line":21,"column":60}},"12":{"start":{"line":23,"column":0},"end":{"line":25,"column":2}},"13":{"start":{"line":24,"column":2},"end":{"line":24,"column":65}},"14":{"start":{"line":26,"column":0},"end":{"line":28,"column":2}},"15":{"start":{"line":27,"column":2},"end":{"line":27,"column":64}},"16":{"start":{"line":29,"column":0},"end":{"line":31,"column":2}},"17":{"start":{"line":30,"column":2},"end":{"line":30,"column":65}},"18":{"start":{"line":32,"column":0},"end":{"line":36,"column":2}},"19":{"start":{"line":33,"column":2},"end":{"line":35,"column":4}},"20":{"start":{"line":34,"column":4},"end":{"line":34,"column":36}},"21":{"start":{"line":37,"column":0},"end":{"line":41,"column":2}},"22":{"start":{"line":38,"column":2},"end":{"line":40,"column":4}},"23":{"start":{"line":39,"column":4},"end":{"line":39,"column":23}},"24":{"start":{"line":42,"column":0},"end":{"line":48,"column":2}},"25":{"start":{"line":43,"column":2},"end":{"line":47,"column":4}},"26":{"start":{"line":44,"column":4},"end":{"line":46,"column":6}},"27":{"start":{"line":45,"column":6},"end":{"line":45,"column":88}},"28":{"start":{"line":49,"column":0},"end":{"line":53,"column":2}},"29":{"start":{"line":50,"column":2},"end":{"line":52,"column":4}},"30":{"start":{"line":51,"column":4},"end":{"line":51,"column":24}},"31":{"start":{"line":54,"column":0},"end":{"line":58,"column":2}},"32":{"start":{"line":55,"column":2},"end":{"line":57,"column":4}},"33":{"start":{"line":56,"column":4},"end":{"line":56,"column":50}},"34":{"start":{"line":59,"column":0},"end":{"line":65,"column":2}},"35":{"start":{"line":60,"column":2},"end":{"line":64,"column":4}},"36":{"start":{"line":61,"column":4},"end":{"line":63,"column":6}},"37":{"start":{"line":62,"column":6},"end":{"line":62,"column":89}},"38":{"start":{"line":66,"column":0},"end":{"line":74,"column":2}},"39":{"start":{"line":67,"column":2},"end":{"line":73,"column":4}},"40":{"start":{"line":68,"column":4},"end":{"line":72,"column":6}},"41":{"start":{"line":69,"column":6},"end":{"line":71,"column":8}},"42":{"start":{"line":70,"column":8},"end":{"line":70,"column":60}},"43":{"start":{"line":75,"column":0},"end":{"line":81,"column":2}},"44":{"start":{"line":76,"column":2},"end":{"line":80,"column":4}},"45":{"start":{"line":77,"column":4},"end":{"line":79,"column":6}},"46":{"start":{"line":78,"column":6},"end":{"line":78,"column":115}},"47":{"start":{"line":82,"column":0},"end":{"line":88,"column":2}},"48":{"start":{"line":83,"column":2},"end":{"line":87,"column":4}},"49":{"start":{"line":84,"column":4},"end":{"line":86,"column":7}},"50":{"start":{"line":85,"column":6},"end":{"line":85,"column":40}},"51":{"start":{"line":90,"column":0},"end":{"line":96,"column":2}},"52":{"start":{"line":91,"column":2},"end":{"line":95,"column":4}},"53":{"start":{"line":92,"column":4},"end":{"line":94,"column":6}},"54":{"start":{"line":93,"column":6},"end":{"line":93,"column":53}},"55":{"start":{"line":98,"column":0},"end":{"line":104,"column":2}},"56":{"start":{"line":99,"column":2},"end":{"line":103,"column":4}},"57":{"start":{"line":100,"column":4},"end":{"line":102,"column":6}},"58":{"start":{"line":101,"column":6},"end":{"line":101,"column":118}},"59":{"start":{"line":106,"column":0},"end":{"line":112,"column":2}},"60":{"start":{"line":107,"column":2},"end":{"line":111,"column":4}},"61":{"start":{"line":108,"column":4},"end":{"line":110,"column":6}},"62":{"start":{"line":109,"column":6},"end":{"line":109,"column":92}},"63":{"start":{"line":114,"column":0},"end":{"line":120,"column":2}},"64":{"start":{"line":115,"column":2},"end":{"line":119,"column":4}},"65":{"start":{"line":116,"column":4},"end":{"line":118,"column":6}},"66":{"start":{"line":117,"column":6},"end":{"line":117,"column":93}},"67":{"start":{"line":122,"column":0},"end":{"line":137,"column":2}},"68":{"start":{"line":123,"column":2},"end":{"line":123,"column":85}},"69":{"start":{"line":124,"column":2},"end":{"line":136,"column":4}},"70":{"start":{"line":125,"column":4},"end":{"line":125,"column":86}},"71":{"start":{"line":126,"column":4},"end":{"line":135,"column":6}},"72":{"start":{"line":127,"column":6},"end":{"line":127,"column":90}},"73":{"start":{"line":128,"column":6},"end":{"line":134,"column":8}},"74":{"start":{"line":129,"column":8},"end":{"line":129,"column":90}},"75":{"start":{"line":131,"column":8},"end":{"line":131,"column":64}},"76":{"start":{"line":132,"column":8},"end":{"line":132,"column":66}},"77":{"start":{"line":133,"column":8},"end":{"line":133,"column":204}},"78":{"start":{"line":139,"column":0},"end":{"line":139,"column":38}}},"branchMap":{"1":{"line":8,"type":"cond-expr","locations":[{"start":{"line":8,"column":70},"end":{"line":8,"column":73},"skip":true},{"start":{"line":8,"column":76},"end":{"line":8,"column":94},"skip":true}]},"2":{"line":8,"type":"binary-expr","locations":[{"start":{"line":8,"column":46},"end":{"line":8,"column":49},"skip":true},{"start":{"line":8,"column":53},"end":{"line":8,"column":67},"skip":true}]},"3":{"line":56,"type":"cond-expr","locations":[{"start":{"line":56,"column":37},"end":{"line":56,"column":42}},{"start":{"line":56,"column":45},"end":{"line":56,"column":49}}]},"4":{"line":70,"type":"cond-expr","locations":[{"start":{"line":70,"column":30},"end":{"line":70,"column":35}},{"start":{"line":70,"column":38},"end":{"line":70,"column":59}}]},"5":{"line":78,"type":"cond-expr","locations":[{"start":{"line":78,"column":91},"end":{"line":78,"column":107}},{"start":{"line":78,"column":110},"end":{"line":78,"column":114}}]},"6":{"line":109,"type":"cond-expr","locations":[{"start":{"line":109,"column":52},"end":{"line":109,"column":86}},{"start":{"line":109,"column":89},"end":{"line":109,"column":91}}]},"7":{"line":117,"type":"cond-expr","locations":[{"start":{"line":117,"column":53},"end":{"line":117,"column":87}},{"start":{"line":117,"column":90},"end":{"line":117,"column":92}}]},"8":{"line":123,"type":"cond-expr","locations":[{"start":{"line":123,"column":68},"end":{"line":123,"column":69}},{"start":{"line":123,"column":72},"end":{"line":123,"column":84}}]},"9":{"line":123,"type":"binary-expr","locations":[{"start":{"line":123,"column":14},"end":{"line":123,"column":35}},{"start":{"line":123,"column":39},"end":{"line":123,"column":65}}]},"10":{"line":125,"type":"cond-expr","locations":[{"start":{"line":125,"column":69},"end":{"line":125,"column":70}},{"start":{"line":125,"column":73},"end":{"line":125,"column":85}}]},"11":{"line":125,"type":"binary-expr","locations":[{"start":{"line":125,"column":15},"end":{"line":125,"column":36}},{"start":{"line":125,"column":40},"end":{"line":125,"column":66}}]},"12":{"line":127,"type":"cond-expr","locations":[{"start":{"line":127,"column":72},"end":{"line":127,"column":74}},{"start":{"line":127,"column":77},"end":{"line":127,"column":89}}]},"13":{"line":127,"type":"binary-expr","locations":[{"start":{"line":127,"column":18},"end":{"line":127,"column":39}},{"start":{"line":127,"column":43},"end":{"line":127,"column":69}}]},"14":{"line":129,"type":"cond-expr","locations":[{"start":{"line":129,"column":73},"end":{"line":129,"column":74}},{"start":{"line":129,"column":77},"end":{"line":129,"column":89}}]},"15":{"line":129,"type":"binary-expr","locations":[{"start":{"line":129,"column":19},"end":{"line":129,"column":40}},{"start":{"line":129,"column":44},"end":{"line":129,"column":70}}]}}}}