TN:
SF:/Users/aotn/gft-capacitacion/src/pagination.js
FN:8,_interopRequireDefault
FN:14,not
FN:17,buildPageObject
FN:20,first
FN:23,previous
FN:26,last
FN:29,next
FN:32,getSize
FN:33,(anonymous_9)
FN:37,isLessThan
FN:38,(anonymous_11)
FN:42,isAtEndPostion
FN:43,(anonymous_13)
FN:44,(anonymous_14)
FN:49,getBegin
FN:50,(anonymous_16)
FN:54,getMaxPages
FN:55,(anonymous_18)
FN:59,getCountPagination
FN:60,(anonymous_20)
FN:61,(anonymous_21)
FN:66,getCountPages
FN:67,(anonymous_23)
FN:68,(anonymous_24)
FN:69,(anonymous_25)
FN:75,getStart
FN:76,(anonymous_27)
FN:77,(anonymous_28)
FN:82,getPages
FN:83,(anonymous_30)
FN:84,(anonymous_31)
FN:90,gotPaginationLeft
FN:91,(anonymous_33)
FN:92,(anonymous_34)
FN:98,gotPaginationRight
FN:99,(anonymous_36)
FN:100,(anonymous_37)
FN:106,getPaginationLeft
FN:107,(anonymous_39)
FN:108,(anonymous_40)
FN:114,getPaginationRight
FN:115,(anonymous_42)
FN:116,(anonymous_43)
FN:122,getPagination
FN:124,(anonymous_45)
FN:126,(anonymous_46)
FN:128,(anonymous_47)
FNF:47
FNH:47
FNDA:1,_interopRequireDefault
FNDA:3,not
FNDA:20,buildPageObject
FNDA:2,first
FNDA:2,previous
FNDA:1,last
FNDA:1,next
FNDA:8,getSize
FNDA:8,(anonymous_9)
FNDA:12,isLessThan
FNDA:12,(anonymous_11)
FNDA:6,isAtEndPostion
FNDA:6,(anonymous_13)
FNDA:6,(anonymous_14)
FNDA:6,getBegin
FNDA:6,(anonymous_16)
FNDA:3,getMaxPages
FNDA:3,(anonymous_18)
FNDA:3,getCountPagination
FNDA:3,(anonymous_20)
FNDA:3,(anonymous_21)
FNDA:3,getCountPages
FNDA:3,(anonymous_23)
FNDA:3,(anonymous_24)
FNDA:3,(anonymous_25)
FNDA:3,getStart
FNDA:3,(anonymous_27)
FNDA:3,(anonymous_28)
FNDA:3,getPages
FNDA:3,(anonymous_30)
FNDA:14,(anonymous_31)
FNDA:3,gotPaginationLeft
FNDA:3,(anonymous_33)
FNDA:3,(anonymous_34)
FNDA:3,gotPaginationRight
FNDA:3,(anonymous_36)
FNDA:3,(anonymous_37)
FNDA:3,getPaginationLeft
FNDA:3,(anonymous_39)
FNDA:3,(anonymous_40)
FNDA:3,getPaginationRight
FNDA:3,(anonymous_42)
FNDA:3,(anonymous_43)
FNDA:3,getPagination
FNDA:3,(anonymous_45)
FNDA:3,(anonymous_46)
FNDA:3,(anonymous_47)
DA:3,1
DA:8,1
DA:10,1
DA:12,1
DA:14,1
DA:15,3
DA:17,1
DA:18,20
DA:20,1
DA:21,2
DA:23,1
DA:24,2
DA:26,1
DA:27,1
DA:29,1
DA:30,1
DA:32,1
DA:33,8
DA:34,8
DA:37,1
DA:38,12
DA:39,12
DA:42,1
DA:43,6
DA:44,6
DA:45,6
DA:49,1
DA:50,6
DA:51,6
DA:54,1
DA:55,3
DA:56,3
DA:59,1
DA:60,3
DA:61,3
DA:62,3
DA:66,1
DA:67,3
DA:68,3
DA:69,3
DA:70,3
DA:75,1
DA:76,3
DA:77,3
DA:78,3
DA:82,1
DA:83,3
DA:84,3
DA:85,14
DA:90,1
DA:91,3
DA:92,3
DA:93,3
DA:98,1
DA:99,3
DA:100,3
DA:101,3
DA:106,1
DA:107,3
DA:108,3
DA:109,3
DA:114,1
DA:115,3
DA:116,3
DA:117,3
DA:122,1
DA:123,3
DA:124,3
DA:125,3
DA:126,3
DA:127,3
DA:128,3
DA:129,3
DA:131,3
DA:132,3
DA:133,3
DA:139,1
LF:77
LH:77
BRDA:8,1,0,0
BRDA:8,1,1,1
BRDA:8,2,0,1
BRDA:8,2,1,1
BRDA:56,3,0,1
BRDA:56,3,1,2
BRDA:70,4,0,1
BRDA:70,4,1,2
BRDA:78,5,0,1
BRDA:78,5,1,2
BRDA:109,6,0,2
BRDA:109,6,1,1
BRDA:117,7,0,1
BRDA:117,7,1,2
BRDA:123,8,0,0
BRDA:123,8,1,3
BRDA:123,9,0,3
BRDA:123,9,1,3
BRDA:125,10,0,0
BRDA:125,10,1,3
BRDA:125,11,0,3
BRDA:125,11,1,3
BRDA:127,12,0,0
BRDA:127,12,1,3
BRDA:127,13,0,3
BRDA:127,13,1,3
BRDA:129,14,0,0
BRDA:129,14,1,3
BRDA:129,15,0,3
BRDA:129,15,1,3
BRF:30
BRH:26
end_of_record
